<?xml version="1.0" encoding="UTF-8"?>
<testng-results ignored="0" total="11" passed="11" failed="0" skipped="0">
  <reporter-output>
  </reporter-output>
  <suite started-at="2022-05-08T18:09:15 IST" name="Default suite" finished-at="2022-05-08T18:10:21 IST" duration-ms="65562">
    <groups>
    </groups>
    <test started-at="2022-05-08T18:09:15 IST" name="Default test" finished-at="2022-05-08T18:10:21 IST" duration-ms="65562">
      <class name="Letscodeit.LetsCodeIT">
        <test-method is-config="true" signature="setUp()[pri:0, instance:Letscodeit.LetsCodeIT@45d84a20]" started-at="2022-05-08T18:09:15 IST" name="setUp" finished-at="2022-05-08T18:09:25 IST" duration-ms="10183" status="PASS">
          <reporter-output>
          </reporter-output>
        </test-method> <!-- setUp -->
        <test-method signature="Alert()[pri:0, instance:Letscodeit.LetsCodeIT@45d84a20]" started-at="2022-05-08T18:09:25 IST" name="Alert" finished-at="2022-05-08T18:09:34 IST" duration-ms="8343" status="PASS">
          <reporter-output>
          </reporter-output>
        </test-method> <!-- Alert -->
        <test-method signature="CheckBox()[pri:0, instance:Letscodeit.LetsCodeIT@45d84a20]" started-at="2022-05-08T18:09:34 IST" name="CheckBox" finished-at="2022-05-08T18:09:36 IST" duration-ms="2139" status="PASS">
          <reporter-output>
          </reporter-output>
        </test-method> <!-- CheckBox -->
        <test-method signature="DropDown()[pri:0, instance:Letscodeit.LetsCodeIT@45d84a20]" started-at="2022-05-08T18:09:36 IST" name="DropDown" finished-at="2022-05-08T18:09:38 IST" duration-ms="2110" status="PASS">
          <reporter-output>
          </reporter-output>
        </test-method> <!-- DropDown -->
        <test-method signature="Enable()[pri:0, instance:Letscodeit.LetsCodeIT@45d84a20]" started-at="2022-05-08T18:09:38 IST" name="Enable" finished-at="2022-05-08T18:09:42 IST" duration-ms="4259" status="PASS">
          <reporter-output>
          </reporter-output>
        </test-method> <!-- Enable -->
        <test-method signature="MultipleSelect()[pri:0, instance:Letscodeit.LetsCodeIT@45d84a20]" started-at="2022-05-08T18:09:42 IST" name="MultipleSelect" finished-at="2022-05-08T18:09:44 IST" duration-ms="2170" status="PASS">
          <reporter-output>
          </reporter-output>
        </test-method> <!-- MultipleSelect -->
        <test-method signature="RadioButtonTest()[pri:0, instance:Letscodeit.LetsCodeIT@45d84a20]" started-at="2022-05-08T18:09:44 IST" name="RadioButtonTest" finished-at="2022-05-08T18:09:47 IST" duration-ms="2094" status="PASS">
          <reporter-output>
          </reporter-output>
        </test-method> <!-- RadioButtonTest -->
        <test-method signature="SwitchWindow()[pri:0, instance:Letscodeit.LetsCodeIT@45d84a20]" started-at="2022-05-08T18:09:47 IST" name="SwitchWindow" finished-at="2022-05-08T18:09:51 IST" duration-ms="4245" status="PASS">
          <reporter-output>
          </reporter-output>
        </test-method> <!-- SwitchWindow -->
        <test-method signature="hide()[pri:0, instance:Letscodeit.LetsCodeIT@45d84a20]" started-at="2022-05-08T18:09:51 IST" name="hide" finished-at="2022-05-08T18:09:55 IST" duration-ms="4208" status="PASS">
          <reporter-output>
          </reporter-output>
        </test-method> <!-- hide -->
        <test-method signature="mouseHover()[pri:0, instance:Letscodeit.LetsCodeIT@45d84a20]" started-at="2022-05-08T18:09:55 IST" name="mouseHover" finished-at="2022-05-08T18:10:05 IST" duration-ms="9563" status="PASS">
          <reporter-output>
          </reporter-output>
        </test-method> <!-- mouseHover -->
        <test-method signature="newTab()[pri:0, instance:Letscodeit.LetsCodeIT@45d84a20]" started-at="2022-05-08T18:10:05 IST" name="newTab" finished-at="2022-05-08T18:10:11 IST" duration-ms="6454" status="PASS">
          <reporter-output>
          </reporter-output>
        </test-method> <!-- newTab -->
        <test-method signature="iframe()[pri:1, instance:Letscodeit.LetsCodeIT@45d84a20]" started-at="2022-05-08T18:10:11 IST" name="iframe" finished-at="2022-05-08T18:10:20 IST" duration-ms="8764" status="PASS">
          <reporter-output>
          </reporter-output>
        </test-method> <!-- iframe -->
        <test-method is-config="true" signature="setDown()[pri:0, instance:Letscodeit.LetsCodeIT@45d84a20]" started-at="2022-05-08T18:10:20 IST" name="setDown" finished-at="2022-05-08T18:10:21 IST" duration-ms="972" status="PASS">
          <reporter-output>
          </reporter-output>
        </test-method> <!-- setDown -->
      </class> <!-- Letscodeit.LetsCodeIT -->
    </test> <!-- Default test -->
  </suite> <!-- Default suite -->
</testng-results>
