<?xml version="1.0" encoding="UTF-8"?>
<!-- Generated by org.testng.reporters.JUnitXMLReporter -->
<testsuite ignored="0" hostname="QT-INNO-LT1414" failures="0" tests="11" name="Default test" time="65.562" errors="0" timestamp="2022-05-08T18:10:21 IST">
  <testcase classname="Letscodeit.LetsCodeIT" name="Alert" time="8.343"/>
  <testcase classname="Letscodeit.LetsCodeIT" name="CheckBox" time="2.139"/>
  <testcase classname="Letscodeit.LetsCodeIT" name="DropDown" time="2.11"/>
  <testcase classname="Letscodeit.LetsCodeIT" name="Enable" time="4.259"/>
  <testcase classname="Letscodeit.LetsCodeIT" name="MultipleSelect" time="2.17"/>
  <testcase classname="Letscodeit.LetsCodeIT" name="RadioButtonTest" time="2.094"/>
  <testcase classname="Letscodeit.LetsCodeIT" name="SwitchWindow" time="4.245"/>
  <testcase classname="Letscodeit.LetsCodeIT" name="hide" time="4.208"/>
  <testcase classname="Letscodeit.LetsCodeIT" name="mouseHover" time="9.563"/>
  <testcase classname="Letscodeit.LetsCodeIT" name="newTab" time="6.454"/>
  <testcase classname="Letscodeit.LetsCodeIT" name="iframe" time="8.764"/>
</testsuite> <!-- Default test -->
